# JRE version: OpenJDK Runtime Environment Temurin-21.0.6+7 (21.0.6+7) (build 21.0.6+7-LTS)
# Java VM: OpenJDK 64-Bit Server VM Temurin-21.0.6+7 (21.0.6+7-LTS, mixed mode, sharing, tiered, compressed oops, compressed class ptrs, parallel gc, windows-amd64)
GC Precious Log:
 CardTable entry size: 512
 CPUs: 12 total, 12 available
 Memory: 16087M
 Large Page Support: Disabled
 NUMA Support: Disabled
 Compressed Oops: Enabled (32-bit)
 Alignments: Space 512K, Generation 512K, Heap 2M
 Heap Min Capacity: 100M
 Heap Initial Capacity: 100M
 Heap Max Capacity: 1G
 Pre-touch: Disabled
 Parallel Workers: 10
Heap:
 PSYoungGen      total 6656K, used 6480K [0x00000000eab00000, 0x00000000eb480000, 0x0000000100000000)
  eden space 6144K, 99% used [0x00000000eab00000,0x00000000eb0ffff0,0x00000000eb100000)
  from space 512K, 65% used [0x00000000eb400000,0x00000000eb454010,0x00000000eb480000)
  to   space 1536K, 0% used [0x00000000eb180000,0x00000000eb180000,0x00000000eb300000)
 ParOldGen       total 459264K, used 458095K [0x00000000c0000000, 0x00000000dc080000, 0x00000000eab00000)
  object space 459264K, 99% used [0x00000000c0000000,0x00000000dbf5bfe0,0x00000000dc080000)
 Metaspace       used 64674K, committed 66176K, reserved 1114112K
  class space    used 6930K, committed 7552K, reserved 1048576K
GC Heap History (20 events):
Event: 27.333 GC heap before
{Heap before GC invocations=252 (full 3):
 PSYoungGen      total 3072K, used 2996K [0x00000000eab00000, 0x00000000eaf80000, 0x0000000100000000)
  eden space 2048K, 100% used [0x00000000eab00000,0x00000000ead00000,0x00000000ead00000)
  from space 1024K, 92% used [0x00000000eae00000,0x00000000eaeed330,0x00000000eaf00000)
  to   space 1024K, 0% used [0x00000000ead00000,0x00000000ead00000,0x00000000eae00000)
 ParOldGen       total 402432K, used 402350K [0x00000000c0000000, 0x00000000d8900000, 0x00000000eab00000)
  object space 402432K, 99% used [0x00000000c0000000,0x00000000d88ebbb0,0x00000000d8900000)
 Metaspace       used 63817K, committed 65152K, reserved 1114112K
  class space    used 6821K, committed 7360K, reserved 1048576K
}
Event: 27.336 GC heap after
{Heap after GC invocations=252 (full 3):
 PSYoungGen      total 3072K, used 992K [0x00000000eab00000, 0x00000000eb480000, 0x0000000100000000)
  eden space 2048K, 0% used [0x00000000eab00000,0x00000000eab00000,0x00000000ead00000)
  from space 1024K, 96% used [0x00000000ead00000,0x00000000eadf82c0,0x00000000eae00000)
  to   space 3584K, 0% used [0x00000000eb100000,0x00000000eb100000,0x00000000eb480000)
 ParOldGen       total 404480K, used 404211K [0x00000000c0000000, 0x00000000d8b00000, 0x00000000eab00000)
  object space 404480K, 99% used [0x00000000c0000000,0x00000000d8abcee0,0x00000000d8b00000)
 Metaspace       used 63817K, committed 65152K, reserved 1114112K
  class space    used 6821K, committed 7360K, reserved 1048576K
}
Event: 27.341 GC heap before
{Heap before GC invocations=253 (full 3):
 PSYoungGen      total 3072K, used 3040K [0x00000000eab00000, 0x00000000eb480000, 0x0000000100000000)
  eden space 2048K, 100% used [0x00000000eab00000,0x00000000ead00000,0x00000000ead00000)
  from space 1024K, 96% used [0x00000000ead00000,0x00000000eadf82c0,0x00000000eae00000)
  to   space 3584K, 0% used [0x00000000eb100000,0x00000000eb100000,0x00000000eb480000)
 ParOldGen       total 404480K, used 404211K [0x00000000c0000000, 0x00000000d8b00000, 0x00000000eab00000)
  object space 404480K, 99% used [0x00000000c0000000,0x00000000d8abcee0,0x00000000d8b00000)
 Metaspace       used 63817K, committed 65152K, reserved 1114112K
  class space    used 6821K, committed 7360K, reserved 1048576K
}
Event: 27.346 GC heap after
{Heap after GC invocations=253 (full 3):
 PSYoungGen      total 5120K, used 2208K [0x00000000eab00000, 0x00000000eb380000, 0x0000000100000000)
  eden space 2560K, 0% used [0x00000000eab00000,0x00000000eab00000,0x00000000ead80000)
  from space 2560K, 86% used [0x00000000eb100000,0x00000000eb328000,0x00000000eb380000)
  to   space 2560K, 0% used [0x00000000eae80000,0x00000000eae80000,0x00000000eb100000)
 ParOldGen       total 405504K, used 405244K [0x00000000c0000000, 0x00000000d8c00000, 0x00000000eab00000)
  object space 405504K, 99% used [0x00000000c0000000,0x00000000d8bbf1a0,0x00000000d8c00000)
 Metaspace       used 63817K, committed 65152K, reserved 1114112K
  class space    used 6821K, committed 7360K, reserved 1048576K
}
Event: 27.351 GC heap before
{Heap before GC invocations=254 (full 3):
 PSYoungGen      total 5120K, used 4697K [0x00000000eab00000, 0x00000000eb380000, 0x0000000100000000)
  eden space 2560K, 97% used [0x00000000eab00000,0x00000000ead6e540,0x00000000ead80000)
  from space 2560K, 86% used [0x00000000eb100000,0x00000000eb328000,0x00000000eb380000)
  to   space 2560K, 0% used [0x00000000eae80000,0x00000000eae80000,0x00000000eb100000)
 ParOldGen       total 405504K, used 405244K [0x00000000c0000000, 0x00000000d8c00000, 0x00000000eab00000)
  object space 405504K, 99% used [0x00000000c0000000,0x00000000d8bbf1a0,0x00000000d8c00000)
 Metaspace       used 63817K, committed 65152K, reserved 1114112K
  class space    used 6821K, committed 7360K, reserved 1048576K
}
Event: 27.356 GC heap after
{Heap after GC invocations=254 (full 3):
 PSYoungGen      total 5632K, used 2534K [0x00000000eab00000, 0x00000000eb800000, 0x0000000100000000)
  eden space 3072K, 0% used [0x00000000eab00000,0x00000000eab00000,0x00000000eae00000)
  from space 2560K, 98% used [0x00000000eae80000,0x00000000eb0f9890,0x00000000eb100000)
  to   space 5120K, 0% used [0x00000000eb300000,0x00000000eb300000,0x00000000eb800000)
 ParOldGen       total 407552K, used 407340K [0x00000000c0000000, 0x00000000d8e00000, 0x00000000eab00000)
  object space 407552K, 99% used [0x00000000c0000000,0x00000000d8dcb1a0,0x00000000d8e00000)
 Metaspace       used 63817K, committed 65152K, reserved 1114112K
  class space    used 6821K, committed 7360K, reserved 1048576K
}
Event: 27.368 GC heap before
{Heap before GC invocations=255 (full 3):
 PSYoungGen      total 5632K, used 5606K [0x00000000eab00000, 0x00000000eb800000, 0x0000000100000000)
  eden space 3072K, 100% used [0x00000000eab00000,0x00000000eae00000,0x00000000eae00000)
  from space 2560K, 98% used [0x00000000eae80000,0x00000000eb0f9890,0x00000000eb100000)
  to   space 5120K, 0% used [0x00000000eb300000,0x00000000eb300000,0x00000000eb800000)
 ParOldGen       total 407552K, used 407340K [0x00000000c0000000, 0x00000000d8e00000, 0x00000000eab00000)
  object space 407552K, 99% used [0x00000000c0000000,0x00000000d8dcb1a0,0x00000000d8e00000)
 Metaspace       used 63840K, committed 65216K, reserved 1114112K
  class space    used 6821K, committed 7360K, reserved 1048576K
}
Event: 27.372 GC heap after
{Heap after GC invocations=255 (full 3):
 PSYoungGen      total 8192K, used 3075K [0x00000000eab00000, 0x00000000eb700000, 0x0000000100000000)
  eden space 4096K, 0% used [0x00000000eab00000,0x00000000eab00000,0x00000000eaf00000)
  from space 4096K, 75% used [0x00000000eb300000,0x00000000eb600eb0,0x00000000eb700000)
  to   space 4096K, 0% used [0x00000000eaf00000,0x00000000eaf00000,0x00000000eb300000)
 ParOldGen       total 410112K, used 409669K [0x00000000c0000000, 0x00000000d9080000, 0x00000000eab00000)
  object space 410112K, 99% used [0x00000000c0000000,0x00000000d9011710,0x00000000d9080000)
 Metaspace       used 63840K, committed 65216K, reserved 1114112K
  class space    used 6821K, committed 7360K, reserved 1048576K
}
Event: 27.383 GC heap before
{Heap before GC invocations=256 (full 3):
 PSYoungGen      total 8192K, used 7171K [0x00000000eab00000, 0x00000000eb700000, 0x0000000100000000)
  eden space 4096K, 100% used [0x00000000eab00000,0x00000000eaf00000,0x00000000eaf00000)
  from space 4096K, 75% used [0x00000000eb300000,0x00000000eb600eb0,0x00000000eb700000)
  to   space 4096K, 0% used [0x00000000eaf00000,0x00000000eaf00000,0x00000000eb300000)
 ParOldGen       total 410112K, used 409669K [0x00000000c0000000, 0x00000000d9080000, 0x00000000eab00000)
  object space 410112K, 99% used [0x00000000c0000000,0x00000000d9011710,0x00000000d9080000)
 Metaspace       used 63840K, committed 65216K, reserved 1114112K
  class space    used 6821K, committed 7360K, reserved 1048576K
}
Event: 27.386 GC heap after
{Heap after GC invocations=256 (full 3):
 PSYoungGen      total 8192K, used 4076K [0x00000000eab00000, 0x00000000ebb00000, 0x0000000100000000)
  eden space 4096K, 0% used [0x00000000eab00000,0x00000000eab00000,0x00000000eaf00000)
  from space 4096K, 99% used [0x00000000eaf00000,0x00000000eb2fb390,0x00000000eb300000)
  to   space 5632K, 0% used [0x00000000eb580000,0x00000000eb580000,0x00000000ebb00000)
 ParOldGen       total 411136K, used 410757K [0x00000000c0000000, 0x00000000d9180000, 0x00000000eab00000)
  object space 411136K, 99% used [0x00000000c0000000,0x00000000d9121710,0x00000000d9180000)
 Metaspace       used 63840K, committed 65216K, reserved 1114112K
  class space    used 6821K, committed 7360K, reserved 1048576K
}
Event: 27.432 GC heap before
{Heap before GC invocations=257 (full 3):
 PSYoungGen      total 8192K, used 8172K [0x00000000eab00000, 0x00000000ebb00000, 0x0000000100000000)
  eden space 4096K, 100% used [0x00000000eab00000,0x00000000eaf00000,0x00000000eaf00000)
  from space 4096K, 99% used [0x00000000eaf00000,0x00000000eb2fb390,0x00000000eb300000)
  to   space 5632K, 0% used [0x00000000eb580000,0x00000000eb580000,0x00000000ebb00000)
 ParOldGen       total 411136K, used 410757K [0x00000000c0000000, 0x00000000d9180000, 0x00000000eab00000)
  object space 411136K, 99% used [0x00000000c0000000,0x00000000d9121710,0x00000000d9180000)
 Metaspace       used 63921K, committed 65344K, reserved 1114112K
  class space    used 6835K, committed 7424K, reserved 1048576K
}
Event: 27.435 GC heap after
{Heap after GC invocations=257 (full 3):
 PSYoungGen      total 7168K, used 1850K [0x00000000eab00000, 0x00000000eb780000, 0x0000000100000000)
  eden space 5120K, 0% used [0x00000000eab00000,0x00000000eab00000,0x00000000eb000000)
  from space 2048K, 90% used [0x00000000eb580000,0x00000000eb74eb08,0x00000000eb780000)
  to   space 3072K, 0% used [0x00000000eb180000,0x00000000eb180000,0x00000000eb480000)
 ParOldGen       total 414208K, used 413895K [0x00000000c0000000, 0x00000000d9480000, 0x00000000eab00000)
  object space 414208K, 99% used [0x00000000c0000000,0x00000000d9431d30,0x00000000d9480000)
 Metaspace       used 63921K, committed 65344K, reserved 1114112K
  class space    used 6835K, committed 7424K, reserved 1048576K
}
Event: 27.483 GC heap before
{Heap before GC invocations=258 (full 3):
 PSYoungGen      total 7168K, used 6899K [0x00000000eab00000, 0x00000000eb780000, 0x0000000100000000)
  eden space 5120K, 98% used [0x00000000eab00000,0x00000000eafee248,0x00000000eb000000)
  from space 2048K, 90% used [0x00000000eb580000,0x00000000eb74eb08,0x00000000eb780000)
  to   space 3072K, 0% used [0x00000000eb180000,0x00000000eb180000,0x00000000eb480000)
 ParOldGen       total 414208K, used 413895K [0x00000000c0000000, 0x00000000d9480000, 0x00000000eab00000)
  object space 414208K, 99% used [0x00000000c0000000,0x00000000d9431d30,0x00000000d9480000)
 Metaspace       used 64070K, committed 65472K, reserved 1114112K
  class space    used 6858K, committed 7424K, reserved 1048576K
}
Event: 27.487 GC heap after
{Heap after GC invocations=258 (full 3):
 PSYoungGen      total 9216K, used 2759K [0x00000000eab00000, 0x00000000eb700000, 0x0000000100000000)
  eden space 6144K, 0% used [0x00000000eab00000,0x00000000eab00000,0x00000000eb100000)
  from space 3072K, 89% used [0x00000000eb180000,0x00000000eb431c38,0x00000000eb480000)
  to   space 2560K, 0% used [0x00000000eb480000,0x00000000eb480000,0x00000000eb700000)
 ParOldGen       total 415744K, used 415626K [0x00000000c0000000, 0x00000000d9600000, 0x00000000eab00000)
  object space 415744K, 99% used [0x00000000c0000000,0x00000000d95e2838,0x00000000d9600000)
 Metaspace       used 64070K, committed 65472K, reserved 1114112K
  class space    used 6858K, committed 7424K, reserved 1048576K
}
Event: 27.597 GC heap before
{Heap before GC invocations=259 (full 3):
 PSYoungGen      total 9216K, used 8903K [0x00000000eab00000, 0x00000000eb700000, 0x0000000100000000)
  eden space 6144K, 100% used [0x00000000eab00000,0x00000000eb100000,0x00000000eb100000)
  from space 3072K, 89% used [0x00000000eb180000,0x00000000eb431c38,0x00000000eb480000)
  to   space 2560K, 0% used [0x00000000eb480000,0x00000000eb480000,0x00000000eb700000)
 ParOldGen       total 415744K, used 415626K [0x00000000c0000000, 0x00000000d9600000, 0x00000000eab00000)
  object space 415744K, 99% used [0x00000000c0000000,0x00000000d95e2838,0x00000000d9600000)
 Metaspace       used 64263K, committed 65600K, reserved 1114112K
  class space    used 6881K, committed 7424K, reserved 1048576K
}
Event: 27.600 GC heap after
{Heap after GC invocations=259 (full 3):
 PSYoungGen      total 8192K, used 1889K [0x00000000eab00000, 0x00000000eb680000, 0x0000000100000000)
  eden space 6144K, 0% used [0x00000000eab00000,0x00000000eab00000,0x00000000eb100000)
  from space 2048K, 92% used [0x00000000eb480000,0x00000000eb658508,0x00000000eb680000)
  to   space 2560K, 0% used [0x00000000eb180000,0x00000000eb180000,0x00000000eb400000)
 ParOldGen       total 417792K, used 417192K [0x00000000c0000000, 0x00000000d9800000, 0x00000000eab00000)
  object space 417792K, 99% used [0x00000000c0000000,0x00000000d976a260,0x00000000d9800000)
 Metaspace       used 64263K, committed 65600K, reserved 1114112K
  class space    used 6881K, committed 7424K, reserved 1048576K
}
Event: 27.642 GC heap before
{Heap before GC invocations=260 (full 3):
 PSYoungGen      total 8192K, used 6126K [0x00000000eab00000, 0x00000000eb680000, 0x0000000100000000)
  eden space 6144K, 68% used [0x00000000eab00000,0x00000000eaf23618,0x00000000eb100000)
  from space 2048K, 92% used [0x00000000eb480000,0x00000000eb658508,0x00000000eb680000)
  to   space 2560K, 0% used [0x00000000eb180000,0x00000000eb180000,0x00000000eb400000)
 ParOldGen       total 417792K, used 417192K [0x00000000c0000000, 0x00000000d9800000, 0x00000000eab00000)
  object space 417792K, 99% used [0x00000000c0000000,0x00000000d976a260,0x00000000d9800000)
 Metaspace       used 64315K, committed 65728K, reserved 1114112K
  class space    used 6890K, committed 7488K, reserved 1048576K
}
Event: 27.647 GC heap after
{Heap after GC invocations=260 (full 3):
 PSYoungGen      total 8704K, used 2235K [0x00000000eab00000, 0x00000000eb600000, 0x0000000100000000)
  eden space 6144K, 0% used [0x00000000eab00000,0x00000000eab00000,0x00000000eb100000)
  from space 2560K, 87% used [0x00000000eb180000,0x00000000eb3aec20,0x00000000eb400000)
  to   space 2048K, 0% used [0x00000000eb400000,0x00000000eb400000,0x00000000eb600000)
 ParOldGen       total 420864K, used 420187K [0x00000000c0000000, 0x00000000d9b00000, 0x00000000eab00000)
  object space 420864K, 99% used [0x00000000c0000000,0x00000000d9a56ee8,0x00000000d9b00000)
 Metaspace       used 64315K, committed 65728K, reserved 1114112K
  class space    used 6890K, committed 7488K, reserved 1048576K
}
Event: 27.657 GC heap before
{Heap before GC invocations=261 (full 3):
 PSYoungGen      total 8704K, used 8379K [0x00000000eab00000, 0x00000000eb600000, 0x0000000100000000)
  eden space 6144K, 100% used [0x00000000eab00000,0x00000000eb100000,0x00000000eb100000)
  from space 2560K, 87% used [0x00000000eb180000,0x00000000eb3aec20,0x00000000eb400000)
  to   space 2048K, 0% used [0x00000000eb400000,0x00000000eb400000,0x00000000eb600000)
 ParOldGen       total 420864K, used 420188K [0x00000000c0000000, 0x00000000d9b00000, 0x00000000eab00000)
  object space 420864K, 99% used [0x00000000c0000000,0x00000000d9a57210,0x00000000d9b00000)
 Metaspace       used 64320K, committed 65728K, reserved 1114112K
  class space    used 6890K, committed 7488K, reserved 1048576K
}
Event: 27.660 GC heap after
{Heap after GC invocations=261 (full 3):
 PSYoungGen      total 6656K, used 336K [0x00000000eab00000, 0x00000000eb480000, 0x0000000100000000)
  eden space 6144K, 0% used [0x00000000eab00000,0x00000000eab00000,0x00000000eb100000)
  from space 512K, 65% used [0x00000000eb400000,0x00000000eb454010,0x00000000eb480000)
  to   space 1536K, 0% used [0x00000000eb180000,0x00000000eb180000,0x00000000eb300000)
 ParOldGen       total 424960K, used 424106K [0x00000000c0000000, 0x00000000d9f00000, 0x00000000eab00000)
  object space 424960K, 99% used [0x00000000c0000000,0x00000000d9e2aa20,0x00000000d9f00000)
 Metaspace       used 64320K, committed 65728K, reserved 1114112K
  class space    used 6890K, committed 7488K, reserved 1048576K
}

